build/app/outputs/mapping/release/seeds.txt
com.example.app_balance_sheet.MainActivity: MainActivity()
com.example.app_balance_sheet.MainActivity
...
io.flutter.embedding.engine.plugins.lifecycle.HiddenLifecycleReference
io.flutter.plugin.editing.ImeSyncDeferringInsetsCallback: void remove()
androidx.core.graphics.drawable.IconCompat: IconCompat()
io.flutter.plugin.editing.TextInputPlugin$InputTarget$Type: io.flutter.plugin.editing.TextInputPlugin$InputTarget$Type valueOf(java.lang.String)
io.flutter.embedding.engine.systemchannels.PlatformChannel$HapticFeedbackType: io.flutter.embedding.engine.systemchannels.PlatformChannel$HapticFeedbackType[] values()
io.flutter.embedding.engine.FlutterJNI: java.lang.String[] computePlatformResolvedLocale(java.lang.String[])
io.flutter.embedding.android.FlutterImageView: io.flutter.embedding.engine.renderer.FlutterRenderer getAttachedRenderer()
io.flutter.embedding.engine.FlutterJNI: void requestDartDeferredLibrary(int)
androidx.versionedparcelable.ParcelImpl: android.os.Parcelable$Creator CREATOR
io.flutter.embedding.engine.FlutterJNI: java.util.Set engineLifecycleListeners
io.flutter.embedding.engine.mutatorsstack.FlutterMutatorsStack: void pushClipRect(int,int,int,int)
androidx.core.app.RemoteActionCompat
io.flutter.embedding.engine.FlutterJNI: void nativeDispatchPlatformMessage(long,java.lang.String,java.nio.ByteBuffer,int,int)
io.flutter.embedding.engine.FlutterJNI: void prefetchDefaultFontManager()
io.flutter.embedding.engine.FlutterJNI: io.flutter.plugin.localization.LocalizationPlugin localizationPlugin
androidx.core.app.CoreComponentFactory
io.flutter.embedding.android.FlutterSplashView$SavedState: FlutterSplashView$SavedState(android.os.Parcel)
io.flutter.view.AccessibilityViewEmbedder: android.view.accessibility.AccessibilityNodeInfo getRootNode(android.view.View,int,android.graphics.Rect)
io.flutter.embedding.engine.FlutterJNI: void onDisplayOverlaySurface(int,int,int,int,int)
androidx.core.app.RemoteActionCompatParcelizer
io.flutter.plugin.editing.ImeSyncDeferringInsetsCallback: android.view.View access$602(io.flutter.plugin.editing.ImeSyncDeferringInsetsCallback,android.view.View)
io.flutter.embedding.engine.FlutterJNI: void nativeDestroy(long)
io.flutter.embedding.engine.FlutterJNI: void detachFromNativeAndReleaseResources()
io.flutter.embedding.android.FlutterImageView$SurfaceKind: io.flutter.embedding.android.FlutterImageView$SurfaceKind[] values()
io.flutter.embedding.engine.renderer.SurfaceTextureWrapper
io.flutter.embedding.engine.mutatorsstack.FlutterMutatorView: android.graphics.Matrix getPlatformViewMatrix()
io.flutter.embedding.engine.FlutterJNI: void nativeDeferredComponentInstallFailure(int,java.lang.String,boolean)
com.google.common.util.concurrent.AbstractFuture: com.google.common.util.concurrent.AbstractFuture$Waiter waiters
io.flutter.embedding.engine.FlutterJNI: void invokePlatformMessageEmptyResponseCallback(int)
io.flutter.plugin.platform.SingleViewPresentation: io.flutter.plugin.platform.SingleViewPresentation$PresentationState detachState()
io.flutter.embedding.engine.FlutterJNI: io.flutter.embedding.engine.FlutterOverlaySurface createOverlaySurface()
io.flutter.embedding.engine.plugins.lifecycle.HiddenLifecycleReference: androidx.lifecycle.Lifecycle lifecycle
androidx.core.app.CoreComponentFactory: CoreComponentFactory()
io.flutter.plugin.editing.ImeSyncDeferringInsetsCallback: android.view.WindowInsetsAnimation$Callback getAnimationCallback()
io.flutter.embedding.engine.FlutterJNI: void dispatchPointerDataPacket(java.nio.ByteBuffer,int)
androidx.versionedparcelable.CustomVersionedParcelable
io.flutter.embedding.engine.renderer.SurfaceTextureWrapper: SurfaceTextureWrapper(android.graphics.SurfaceTexture)
io.flutter.embedding.android.FlutterView$ZeroSides: io.flutter.embedding.android.FlutterView$ZeroSides[] values()
io.flutter.view.FlutterCallbackInformation: java.lang.String callbackLibraryPath
io.flutter.embedding.engine.mutatorsstack.FlutterMutatorsStack$FlutterMutatorType: io.flutter.embedding.engine.mutatorsstack.FlutterMutatorsStack$FlutterMutatorType[] values()