build/app/outputs/mapping/release/usage.txt
com.example.app_balance_sheet.BuildConfig
com.example.app_balance_sheet.R$string
com.example.app_balance_sheet.R$attr
com.example.app_balance_sheet.R$style
com.example.app_balance_sheet.R$layout
com.example.app_balance_sheet.R
com.example.app_balance_sheet.R$id
com.example.app_balance_sheet.R$color
com.example.app_balance_sheet.R$dimen
com.example.app_balance_sheet.R$drawable
com.example.app_balance_sheet.R$mipmap
com.example.app_balance_sheet.R$styleable
com.example.app_balance_sheet.R$integer
...
com.mysql.cj.x.protobuf.MysqlxSession$AuthenticateStartOrBuilder
com.google.common.collect.Cut
kotlin.jvm.internal.ArrayLongIterator
com.google.common.util.concurrent.AbstractService$IsStartableGuard
com.google.common.collect.Synchronized$SynchronizedAsMapEntries$1
com.mysql.cj.x.protobuf.MysqlxExpr$Object$ObjectField
androidx.fragment.app.Fragment$3
kotlin.UByte$Companion
kotlin.sequences.TransformingIndexedSequence
com.google.common.reflect.TypeToken$ClassSet
com.google.common.collect.MapMaker
com.mysql.cj.jdbc.ha.FailoverConnectionProxy$FailoverJdbcInterfaceProxy
androidx.core.view.PointerIconCompat
kotlin.collections.CollectionsKt
kotlin.reflect.KParameter$DefaultImpls
com.mysql.cj.PingTarget
androidx.annotation.ColorInt
com.google.common.util.concurrent.SequentialExecutor
io.flutter.plugins.pathprovider.R$string
com.google.common.collect.Lists$TransformingSequentialList$1
kotlin.OptionalExpectation
com.mysql.cj.x.protobuf.MysqlxDatatypes$Scalar$String
com.mysql.cj.xdevapi.ExprUnparser$1
com.google.common.collect.Iterators$7
com.google.common.graph.EndpointPairIterator$Directed
kotlin.jvm.functions.Function21
com.google.common.collect.GeneralRange
androidx.viewpager.widget.ViewPager$ItemInfo
com.google.common.base.FinalizableReferenceQueue$DecoupledLoader
com.mysql.cj.jdbc.DatabaseMetaData$TableMetaDataKey
com.google.common.hash.MacHashFunction$MacHasher
com.google.common.base.Predicates$ObjectPredicate$2
androidx.viewpager.widget.ViewPager$1
io.flutter.plugin.common.ErrorLogResult
com.google.common.base.Converter$FunctionBasedConverter
androidx.core.app.ActivityOptionsCompat
com.google.common.collect.CompactHashMap$3
com.google.common.collect.Synchronized$1
io.flutter.embedding.engine.deferredcomponents.DeferredComponentManager:
    public abstract void loadAssets(int,java.lang.String)
    public abstract void loadDartLibrary(int,java.lang.String)
com.google.common.base.CharMatcher$SingleWidth
com.google.common.collect.Iterators$EmptyModifiableIterator
com.google.common.base.Functions$SupplierFunction
com.google.common.collect.ImmutableMultimap$Values
androidx.customview.widget.FocusStrategy$BoundsAdapter
com.mysql.cj.xdevapi.AddResultBuilder
com.google.common.collect.ImmutableMultimap
kotlin.sequences.FilteringSequence$iterator$1
kotlin.io.FilePathComponents
com.mysql.cj.x.protobuf.MysqlxCrud$Insert$TypedRow$Builder
com.google.common.io.Closer
com.google.common.base.CharMatcher$InRange
com.google.common.collect.ForwardingSortedMultiset$StandardElementSet
androidx.core.text.PrecomputedTextCompat
com.google.common.primitives.ImmutableLongArray$1
kotlin.text.Regex$findAll$1
com.mysql.cj.jdbc.MysqlParameterMetadata
com.mysql.cj.result.FloatValueFactory
kotlin.contracts.Returns
com.google.common.annotations.VisibleForTesting
com.google.common.base.CaseFormat$4
com.google.common.collect.AbstractBiMap$EntrySet
io.flutter.Log:
    public void <init>()
    public static void setLogLevel(int)
    public static void println(int,java.lang.String,java.lang.String)
    public static void v(java.lang.String,java.lang.String,java.lang.Throwable)
    public static void i(java.lang.String,java.lang.String,java.lang.Throwable)
    public static void d(java.lang.String,java.lang.String,java.lang.Throwable)
    public static void wtf(java.lang.String,java.lang.String)
    public static void wtf(java.lang.String,java.lang.String,java.lang.Throwable)
com.mysql.cj.xdevapi.Result
com.google.common.util.concurrent.MoreExecutors$ScheduledListeningDecorator$ListenableScheduledTask
com.google.common.collect.ArrayListMultimapGwtSerializationDependencies
kotlin.jvm.JvmDefault
com.google.common.collect.RegularImmutableMap$KeySet
com.mysql.cj.protocol.x.XMessage
com.mysql.cj.jdbc.DatabaseMetaData$11
androidx.core.app.NotificationCompat$StreamType
com.google.common.io.ByteSink$AsCharSink
kotlin.PropertyReferenceDelegatesKt
androidx.core.view.LayoutInflaterCompat
androidx.core.view.MotionEventCompat
androidx.core.app.JobIntentService$CompatJobEngine